{"F:\\Tcs-Training\\react\\src\\App.js": {"path":"F:\\Tcs-Training\\react\\src\\App.js","statementMap":{"0":{"start":{"line":10,"column":2},"end":{"line":34,"column":4}}},"fnMap":{"0":{"name":"App","decl":{"start":{"line":9,"column":9},"end":{"line":9,"column":12}},"loc":{"start":{"line":9,"column":15},"end":{"line":35,"column":1}},"line":9}},"branchMap":{},"s":{"0":3},"f":{"0":3},"b":{},"_coverageSchema":"1a1c01bbd47fc00a2c39e90264f33305004495a9","hash":"9ed21003768ae03ecd36b023823cbfbf5b5f7dd5"}
,"F:\\Tcs-Training\\react\\src\\Components\\ApiCall.js": {"path":"F:\\Tcs-Training\\react\\src\\Components\\ApiCall.js","statementMap":{"0":{"start":{"line":11,"column":42},"end":{"line":11,"column":52}},"1":{"start":{"line":13,"column":4},"end":{"line":23,"column":10}},"2":{"start":{"line":14,"column":8},"end":{"line":22,"column":14}},"3":{"start":{"line":16,"column":16},"end":{"line":16,"column":47}},"4":{"start":{"line":17,"column":16},"end":{"line":17,"column":51}},"5":{"start":{"line":20,"column":16},"end":{"line":20,"column":35}},"6":{"start":{"line":21,"column":16},"end":{"line":21,"column":39}},"7":{"start":{"line":25,"column":4},"end":{"line":33,"column":6}},"8":{"start":{"line":30,"column":12},"end":{"line":30,"column":47}}},"fnMap":{"0":{"name":"ApiCall","decl":{"start":{"line":9,"column":16},"end":{"line":9,"column":23}},"loc":{"start":{"line":9,"column":27},"end":{"line":35,"column":1}},"line":9},"1":{"name":"(anonymous_1)","decl":{"start":{"line":13,"column":14},"end":{"line":13,"column":15}},"loc":{"start":{"line":13,"column":20},"end":{"line":23,"column":5}},"line":13},"2":{"name":"(anonymous_2)","decl":{"start":{"line":15,"column":19},"end":{"line":15,"column":20}},"loc":{"start":{"line":15,"column":33},"end":{"line":18,"column":13}},"line":15},"3":{"name":"(anonymous_3)","decl":{"start":{"line":19,"column":19},"end":{"line":19,"column":20}},"loc":{"start":{"line":19,"column":30},"end":{"line":22,"column":13}},"line":19},"4":{"name":"(anonymous_4)","decl":{"start":{"line":29,"column":46},"end":{"line":29,"column":47}},"loc":{"start":{"line":30,"column":12},"end":{"line":30,"column":47}},"line":30}},"branchMap":{"0":{"loc":{"start":{"line":29,"column":13},"end":{"line":31,"column":10}},"type":"binary-expr","locations":[{"start":{"line":29,"column":13},"end":{"line":29,"column":25}},{"start":{"line":29,"column":29},"end":{"line":31,"column":10}}],"line":29}},"s":{"0":3,"1":3,"2":3,"3":1,"4":1,"5":1,"6":1,"7":3,"8":0},"f":{"0":3,"1":3,"2":1,"3":1,"4":0},"b":{"0":[3,0]},"_coverageSchema":"1a1c01bbd47fc00a2c39e90264f33305004495a9","hash":"5509e5e6acde2e71bbc1c163e78cf3c2b49e96a3"}
,"F:\\Tcs-Training\\react\\src\\Components\\communication.js": {"path":"F:\\Tcs-Training\\react\\src\\Components\\communication.js","statementMap":{"0":{"start":{"line":4,"column":22},"end":{"line":10,"column":1}},"1":{"start":{"line":6,"column":4},"end":{"line":8,"column":7}},"2":{"start":{"line":7,"column":6},"end":{"line":7,"column":22}}},"fnMap":{"0":{"name":"(anonymous_0)","decl":{"start":{"line":5,"column":2},"end":{"line":5,"column":3}},"loc":{"start":{"line":5,"column":22},"end":{"line":9,"column":3}},"line":5},"1":{"name":"(anonymous_1)","decl":{"start":{"line":6,"column":55},"end":{"line":6,"column":56}},"loc":{"start":{"line":6,"column":69},"end":{"line":8,"column":5}},"line":6}},"branchMap":{},"s":{"0":1,"1":3,"2":1},"f":{"0":3,"1":1},"b":{},"_coverageSchema":"1a1c01bbd47fc00a2c39e90264f33305004495a9","hash":"9217ef91cf431d13ef88a7c3aacd6508637542e6"}
,"F:\\Tcs-Training\\react\\src\\Components\\config.js": {"path":"F:\\Tcs-Training\\react\\src\\Components\\config.js","statementMap":{"0":{"start":{"line":1,"column":15},"end":{"line":6,"column":1}}},"fnMap":{},"branchMap":{},"s":{"0":1},"f":{},"b":{},"_coverageSchema":"1a1c01bbd47fc00a2c39e90264f33305004495a9","hash":"dce0dd9e674ac7407d47352b17a0b557a70ab9e8"}
}
